<?xml version="1.0" encoding="UTF-8"?>
<testsuite name="ua.snakes.ensables.output.EnsemblePrinterTest" tests="1" skipped="0" failures="0" errors="0" timestamp="2016-02-21T18:18:07" hostname="magic-box" time="0.004">
  <properties/>
  <testcase name="no NullPointerException if list of names is empty" classname="ua.snakes.ensables.output.EnsemblePrinterTest" time="0.004"/>
  <system-out><![CDATA[]]></system-out>
  <system-err><![CDATA[]]></system-err>
</testsuite>
